<?xml version="1.0" encoding="UTF-8"?>
<!-- Generated by org.testng.reporters.JUnitXMLReporter -->
<testsuite hostname="ICPL11528" ignored="1" name="BDD Test" tests="1" failures="1" timestamp="26 Feb 2018 09:31:47 GMT" time="73.154" errors="0">
  <testcase name="orbitz" time="72.636" classname="com.qmetry.qaf.automation.step.client.DataDrivenScenario">
    <failure/>
  </testcase> <!-- orbitz -->
  <testcase name="orbitz" time="0.0" classname="com.qmetry.qaf.automation.step.client.DataDrivenScenario">
    <ignored/>
  </testcase> <!-- orbitz -->
</testsuite> <!-- BDD Test -->
